
9월 05, 2023 11:39:41.125 NEW SESSION
9월 05, 2023 11:39:41.125 INFO: Created TensorFlow Lite XNNPACK delegate for CPU.
9월 05, 2023 11:49:59.683 [15596:22656:0905/114959.682:ERROR:device_event_log_impl.cc(222)] [11:49:59.682] USB: usb_service_win.cc:104 SetupDiGetDeviceProperty({{A45C254E-DF1C-4EFD-8020-67D146A850E0}, 6}) failed: 요소가 없습니다. (0x490)

9월 06, 2023 15:37:07.469 NEW SESSION
9월 06, 2023 15:37:07.469 INFO: Created TensorFlow Lite XNNPACK delegate for CPU.

9월 11, 2023 16:10:47.534 NEW SESSION
9월 11, 2023 16:10:47.534 INFO: Created TensorFlow Lite XNNPACK delegate for CPU.
9월 11, 2023 16:42:40.953 INFO: Created TensorFlow Lite XNNPACK delegate for CPU.

9월 11, 2023 18:45:06.183 NEW SESSION
9월 11, 2023 18:45:06.183 INFO: Created TensorFlow Lite XNNPACK delegate for CPU.

9월 11, 2023 19:54:26.869 NEW SESSION
9월 11, 2023 19:54:26.869 INFO: Created TensorFlow Lite XNNPACK delegate for CPU.
9월 11, 2023 19:54:49.816 [4480:7968:0911/195449.816:ERROR:device_event_log_impl.cc(222)] [19:54:49.815] USB: usb_service_win.cc:104 SetupDiGetDeviceProperty({{A45C254E-DF1C-4EFD-8020-67D146A850E0}, 6}) failed: 요소가 없습니다. (0x490)

9월 12, 2023 09:47:56.326 NEW SESSION
9월 12, 2023 09:47:56.326 INFO: Created TensorFlow Lite XNNPACK delegate for CPU.
9월 12, 2023 10:14:25.41 [5572:6596:0912/101425.041:ERROR:CONSOLE(1)] "Cannot find context with specified id", source: devtools://devtools/bundled/devtools-frontend/front_end/core/sdk/sdk.js (1)
9월 12, 2023 10:14:25.42 [5572:6596:0912/101425.041:ERROR:CONSOLE(1)] "Extension server error: Inspector protocol error: Cannot find context with specified id", source: devtools://devtools/bundled/devtools-frontend/front_end/models/extensions/extensions.js (1)
9월 12, 2023 10:19:39.13 [5572:6596:0912/101939.013:ERROR:CONSOLE(1)] "Cannot find context with specified id", source: devtools://devtools/bundled/devtools-frontend/front_end/core/sdk/sdk.js (1)
9월 12, 2023 10:19:39.13 [5572:6596:0912/101939.013:ERROR:CONSOLE(1)] "Extension server error: Inspector protocol error: Cannot find context with specified id", source: devtools://devtools/bundled/devtools-frontend/front_end/models/extensions/extensions.js (1)
9월 12, 2023 10:19:55.931 [5572:6596:0912/101955.931:ERROR:CONSOLE(1)] "Cannot find context with specified id", source: devtools://devtools/bundled/devtools-frontend/front_end/core/sdk/sdk.js (1)
9월 12, 2023 10:19:55.932 [5572:6596:0912/101955.931:ERROR:CONSOLE(1)] "Extension server error: Inspector protocol error: Cannot find context with specified id", source: devtools://devtools/bundled/devtools-frontend/front_end/models/extensions/extensions.js (1)
9월 12, 2023 10:41:26.869 [5572:6596:0912/104126.868:ERROR:CONSOLE(1)] "Cannot find context with specified id", source: devtools://devtools/bundled/devtools-frontend/front_end/core/sdk/sdk.js (1)
9월 12, 2023 10:41:26.870 [5572:6596:0912/104126.869:ERROR:CONSOLE(1)] "Extension server error: Inspector protocol error: Cannot find context with specified id", source: devtools://devtools/bundled/devtools-frontend/front_end/models/extensions/extensions.js (1)
9월 12, 2023 10:42:33.671 [5572:6596:0912/104233.669:ERROR:CONSOLE(1)] "Request Runtime.evaluate failed. {"code":-32602,"message":"uniqueContextId not found"}", source: devtools://devtools/bundled/devtools-frontend/front_end/core/protocol_client/protocol_client.js (1)
9월 12, 2023 10:42:33.672 [5572:6596:0912/104233.669:ERROR:CONSOLE(1)] "uniqueContextId not found", source: devtools://devtools/bundled/devtools-frontend/front_end/core/sdk/sdk.js (1)
9월 12, 2023 10:42:33.672 [5572:6596:0912/104233.671:ERROR:CONSOLE(1)] "Extension server error: Inspector protocol error: uniqueContextId not found", source: devtools://devtools/bundled/devtools-frontend/front_end/models/extensions/extensions.js (1)
9월 12, 2023 11:27:01.508 INFO: Created TensorFlow Lite XNNPACK delegate for CPU.
9월 12, 2023 13:24:42.678 [12828:7432:0912/132442.677:ERROR:CONSOLE(1)] "Request Runtime.evaluate failed. {"code":-32602,"message":"uniqueContextId not found"}", source: devtools://devtools/bundled/devtools-frontend/front_end/core/protocol_client/protocol_client.js (1)
9월 12, 2023 13:24:42.679 [12828:7432:0912/132442.678:ERROR:CONSOLE(1)] "uniqueContextId not found", source: devtools://devtools/bundled/devtools-frontend/front_end/core/sdk/sdk.js (1)
9월 12, 2023 13:24:42.679 [12828:7432:0912/132442.678:ERROR:CONSOLE(1)] "Extension server error: Inspector protocol error: uniqueContextId not found", source: devtools://devtools/bundled/devtools-frontend/front_end/models/extensions/extensions.js (1)
9월 12, 2023 14:00:02.956 [12828:7432:0912/140002.956:ERROR:device_event_log_impl.cc(222)] [14:00:02.956] USB: usb_service_win.cc:104 SetupDiGetDeviceProperty({{A45C254E-DF1C-4EFD-8020-67D146A850E0}, 6}) failed: 요소가 없습니다. (0x490)
9월 12, 2023 14:14:41.954 INFO: Created TensorFlow Lite XNNPACK delegate for CPU.
9월 12, 2023 14:29:21.378 INFO: Created TensorFlow Lite XNNPACK delegate for CPU.
9월 12, 2023 14:33:20.871 [5636:4396:0912/143320.870:ERROR:interface_endpoint_client.cc(702)] Message 1 rejected by interface blink.mojom.WidgetHost
9월 12, 2023 16:08:12.768 [5636:4396:0912/160812.765:ERROR:CONSOLE(1)] "Request Runtime.evaluate failed. {"code":-32602,"message":"uniqueContextId not found"}", source: devtools://devtools/bundled/devtools-frontend/front_end/core/protocol_client/protocol_client.js (1)
9월 12, 2023 16:08:12.771 [5636:4396:0912/160812.771:ERROR:CONSOLE(1)] "uniqueContextId not found", source: devtools://devtools/bundled/devtools-frontend/front_end/core/sdk/sdk.js (1)
9월 12, 2023 16:08:12.772 [5636:4396:0912/160812.771:ERROR:CONSOLE(1)] "Extension server error: Inspector protocol error: uniqueContextId not found", source: devtools://devtools/bundled/devtools-frontend/front_end/models/extensions/extensions.js (1)
9월 12, 2023 16:08:37.652 [5636:4396:0912/160837.650:ERROR:CONSOLE(1)] "Request Runtime.evaluate failed. {"code":-32602,"message":"uniqueContextId not found"}", source: devtools://devtools/bundled/devtools-frontend/front_end/core/protocol_client/protocol_client.js (1)
9월 12, 2023 16:08:37.654 [5636:4396:0912/160837.650:ERROR:CONSOLE(1)] "uniqueContextId not found", source: devtools://devtools/bundled/devtools-frontend/front_end/core/sdk/sdk.js (1)
9월 12, 2023 16:08:37.654 [5636:4396:0912/160837.653:ERROR:CONSOLE(1)] "Extension server error: Inspector protocol error: uniqueContextId not found", source: devtools://devtools/bundled/devtools-frontend/front_end/models/extensions/extensions.js (1)
9월 12, 2023 16:11:17.570 [5636:4396:0912/161117.570:ERROR:device_event_log_impl.cc(222)] [16:11:17.570] USB: usb_service_win.cc:104 SetupDiGetDeviceProperty({{A45C254E-DF1C-4EFD-8020-67D146A850E0}, 6}) failed: 요소가 없습니다. (0x490)
9월 12, 2023 17:36:34.840 [5636:4396:0912/173634.840:ERROR:CONSOLE(1)] "Extension server error: Operation failed: Permission denied", source: devtools://devtools/bundled/devtools-frontend/front_end/models/extensions/extensions.js (1)
9월 12, 2023 17:36:34.841 [5636:4396:0912/173634.840:ERROR:CONSOLE(1)] "Extension server error: Operation failed: Permission denied", source: devtools://devtools/bundled/devtools-frontend/front_end/models/extensions/extensions.js (1)
9월 12, 2023 17:36:34.854 [5636:4396:0912/173634.854:ERROR:CONSOLE(1)] "Request Runtime.evaluate failed. {"code":-32602,"message":"uniqueContextId not found"}", source: devtools://devtools/bundled/devtools-frontend/front_end/core/protocol_client/protocol_client.js (1)
9월 12, 2023 17:36:34.854 [5636:4396:0912/173634.854:ERROR:CONSOLE(1)] "uniqueContextId not found", source: devtools://devtools/bundled/devtools-frontend/front_end/core/sdk/sdk.js (1)
9월 12, 2023 17:36:34.854 [5636:4396:0912/173634.854:ERROR:CONSOLE(1)] "Extension server error: Inspector protocol error: uniqueContextId not found", source: devtools://devtools/bundled/devtools-frontend/front_end/models/extensions/extensions.js (1)
9월 12, 2023 17:36:34.854 [5636:4396:0912/173634.854:ERROR:CONSOLE(1)] "Request Runtime.evaluate failed. {"code":-32602,"message":"uniqueContextId not found"}", source: devtools://devtools/bundled/devtools-frontend/front_end/core/protocol_client/protocol_client.js (1)
9월 12, 2023 17:36:34.855 [5636:4396:0912/173634.854:ERROR:CONSOLE(1)] "uniqueContextId not found", source: devtools://devtools/bundled/devtools-frontend/front_end/core/sdk/sdk.js (1)
9월 12, 2023 17:36:34.855 [5636:4396:0912/173634.854:ERROR:CONSOLE(1)] "Extension server error: Inspector protocol error: uniqueContextId not found", source: devtools://devtools/bundled/devtools-frontend/front_end/models/extensions/extensions.js (1)
9월 12, 2023 17:36:34.855 [5636:4396:0912/173634.854:ERROR:CONSOLE(1)] "Request Runtime.evaluate failed. {"code":-32602,"message":"uniqueContextId not found"}", source: devtools://devtools/bundled/devtools-frontend/front_end/core/protocol_client/protocol_client.js (1)
9월 12, 2023 17:36:34.855 [5636:4396:0912/173634.854:ERROR:CONSOLE(1)] "uniqueContextId not found", source: devtools://devtools/bundled/devtools-frontend/front_end/core/sdk/sdk.js (1)
9월 12, 2023 17:36:34.855 [5636:4396:0912/173634.854:ERROR:CONSOLE(1)] "Extension server error: Inspector protocol error: uniqueContextId not found", source: devtools://devtools/bundled/devtools-frontend/front_end/models/extensions/extensions.js (1)
9월 12, 2023 17:36:35.624 [5636:4396:0912/173635.624:ERROR:CONSOLE(1)] "Extension server error: Operation failed: Permission denied", source: devtools://devtools/bundled/devtools-frontend/front_end/models/extensions/extensions.js (1)
9월 12, 2023 17:36:36.634 [5636:4396:0912/173636.634:ERROR:CONSOLE(1)] "Extension server error: Operation failed: Permission denied", source: devtools://devtools/bundled/devtools-frontend/front_end/models/extensions/extensions.js (1)
9월 12, 2023 17:36:37.628 [5636:4396:0912/173637.626:ERROR:CONSOLE(1)] "Extension server error: Operation failed: Permission denied", source: devtools://devtools/bundled/devtools-frontend/front_end/models/extensions/extensions.js (1)
9월 12, 2023 17:36:38.622 [5636:4396:0912/173638.622:ERROR:CONSOLE(1)] "Extension server error: Operation failed: Permission denied", source: devtools://devtools/bundled/devtools-frontend/front_end/models/extensions/extensions.js (1)
9월 12, 2023 17:36:39.628 [5636:4396:0912/173639.627:ERROR:CONSOLE(1)] "Extension server error: Operation failed: Permission denied", source: devtools://devtools/bundled/devtools-frontend/front_end/models/extensions/extensions.js (1)
9월 12, 2023 17:36:40.628 [5636:4396:0912/173640.626:ERROR:CONSOLE(1)] "Extension server error: Operation failed: Permission denied", source: devtools://devtools/bundled/devtools-frontend/front_end/models/extensions/extensions.js (1)
9월 12, 2023 17:36:41.634 [5636:4396:0912/173641.634:ERROR:CONSOLE(1)] "Extension server error: Operation failed: Permission denied", source: devtools://devtools/bundled/devtools-frontend/front_end/models/extensions/extensions.js (1)
9월 12, 2023 17:36:42.625 [5636:4396:0912/173642.624:ERROR:CONSOLE(1)] "Extension server error: Operation failed: Permission denied", source: devtools://devtools/bundled/devtools-frontend/front_end/models/extensions/extensions.js (1)
9월 12, 2023 17:36:43.635 [5636:4396:0912/173643.635:ERROR:CONSOLE(1)] "Extension server error: Operation failed: Permission denied", source: devtools://devtools/bundled/devtools-frontend/front_end/models/extensions/extensions.js (1)
9월 12, 2023 17:36:44.625 [5636:4396:0912/173644.624:ERROR:CONSOLE(1)] "Extension server error: Operation failed: Permission denied", source: devtools://devtools/bundled/devtools-frontend/front_end/models/extensions/extensions.js (1)
9월 12, 2023 17:36:45.632 [5636:4396:0912/173645.632:ERROR:CONSOLE(1)] "Extension server error: Operation failed: Permission denied", source: devtools://devtools/bundled/devtools-frontend/front_end/models/extensions/extensions.js (1)
9월 12, 2023 17:36:46.626 [5636:4396:0912/173646.626:ERROR:CONSOLE(1)] "Extension server error: Operation failed: Permission denied", source: devtools://devtools/bundled/devtools-frontend/front_end/models/extensions/extensions.js (1)
9월 12, 2023 17:36:47.637 [5636:4396:0912/173647.637:ERROR:CONSOLE(1)] "Extension server error: Operation failed: Permission denied", source: devtools://devtools/bundled/devtools-frontend/front_end/models/extensions/extensions.js (1)
9월 12, 2023 17:36:48.631 [5636:4396:0912/173648.631:ERROR:CONSOLE(1)] "Extension server error: Operation failed: Permission denied", source: devtools://devtools/bundled/devtools-frontend/front_end/models/extensions/extensions.js (1)
9월 12, 2023 17:36:49.629 [5636:4396:0912/173649.628:ERROR:CONSOLE(1)] "Extension server error: Operation failed: Permission denied", source: devtools://devtools/bundled/devtools-frontend/front_end/models/extensions/extensions.js (1)
9월 12, 2023 17:36:50.637 [5636:4396:0912/173650.636:ERROR:CONSOLE(1)] "Extension server error: Operation failed: Permission denied", source: devtools://devtools/bundled/devtools-frontend/front_end/models/extensions/extensions.js (1)
9월 12, 2023 17:36:51.628 [5636:4396:0912/173651.628:ERROR:CONSOLE(1)] "Extension server error: Operation failed: Permission denied", source: devtools://devtools/bundled/devtools-frontend/front_end/models/extensions/extensions.js (1)
9월 12, 2023 17:36:52.644 [5636:4396:0912/173652.644:ERROR:CONSOLE(1)] "Extension server error: Operation failed: Permission denied", source: devtools://devtools/bundled/devtools-frontend/front_end/models/extensions/extensions.js (1)
9월 12, 2023 17:37:21.791 [5636:4396:0912/173721.791:ERROR:CONSOLE(1)] "Cannot find context with specified id", source: devtools://devtools/bundled/devtools-frontend/front_end/core/sdk/sdk.js (1)
9월 12, 2023 17:37:21.792 [5636:4396:0912/173721.791:ERROR:CONSOLE(1)] "Extension server error: Inspector protocol error: Cannot find context with specified id", source: devtools://devtools/bundled/devtools-frontend/front_end/models/extensions/extensions.js (1)

9월 13, 2023 10:56:42.850 NEW SESSION
9월 13, 2023 10:56:42.851 INFO: Created TensorFlow Lite XNNPACK delegate for CPU.
9월 13, 2023 11:40:51.299 [2200:13408:0913/114051.299:ERROR:device_event_log_impl.cc(222)] [11:40:51.299] USB: usb_service_win.cc:104 SetupDiGetDeviceProperty({{A45C254E-DF1C-4EFD-8020-67D146A850E0}, 6}) failed: 요소가 없습니다. (0x490)
9월 13, 2023 13:38:26.215 [2200:13408:0913/133826.214:ERROR:CONSOLE(1)] "Request Runtime.evaluate failed. {"code":-32602,"message":"uniqueContextId not found"}", source: devtools://devtools/bundled/devtools-frontend/front_end/core/protocol_client/protocol_client.js (1)
9월 13, 2023 13:38:26.216 [2200:13408:0913/133826.215:ERROR:CONSOLE(1)] "uniqueContextId not found", source: devtools://devtools/bundled/devtools-frontend/front_end/core/sdk/sdk.js (1)
9월 13, 2023 13:38:26.216 [2200:13408:0913/133826.215:ERROR:CONSOLE(1)] "Extension server error: Inspector protocol error: uniqueContextId not found", source: devtools://devtools/bundled/devtools-frontend/front_end/models/extensions/extensions.js (1)
9월 13, 2023 13:38:33.242 [2200:13408:0913/133833.242:ERROR:CONSOLE(1)] "Cannot find context with specified id", source: devtools://devtools/bundled/devtools-frontend/front_end/core/sdk/sdk.js (1)
9월 13, 2023 13:38:33.242 [2200:13408:0913/133833.242:ERROR:CONSOLE(1)] "Extension server error: Inspector protocol error: Cannot find context with specified id", source: devtools://devtools/bundled/devtools-frontend/front_end/models/extensions/extensions.js (1)
9월 13, 2023 14:30:47.233 [2200:13408:0913/143047.232:ERROR:CONSOLE(1)] "Cannot find context with specified id", source: devtools://devtools/bundled/devtools-frontend/front_end/core/sdk/sdk.js (1)
9월 13, 2023 14:30:47.233 [2200:13408:0913/143047.232:ERROR:CONSOLE(1)] "Extension server error: Inspector protocol error: Cannot find context with specified id", source: devtools://devtools/bundled/devtools-frontend/front_end/models/extensions/extensions.js (1)
9월 13, 2023 14:40:49.183 [2200:13408:0913/144049.183:ERROR:CONSOLE(1)] "Request Runtime.evaluate failed. {"code":-32602,"message":"uniqueContextId not found"}", source: devtools://devtools/bundled/devtools-frontend/front_end/core/protocol_client/protocol_client.js (1)
9월 13, 2023 14:40:49.183 [2200:13408:0913/144049.183:ERROR:CONSOLE(1)] "uniqueContextId not found", source: devtools://devtools/bundled/devtools-frontend/front_end/core/sdk/sdk.js (1)
9월 13, 2023 14:40:49.183 [2200:13408:0913/144049.183:ERROR:CONSOLE(1)] "Extension server error: Inspector protocol error: uniqueContextId not found", source: devtools://devtools/bundled/devtools-frontend/front_end/models/extensions/extensions.js (1)
9월 13, 2023 14:44:16.356 INFO: Created TensorFlow Lite XNNPACK delegate for CPU.
9월 13, 2023 14:50:13.199 INFO: Created TensorFlow Lite XNNPACK delegate for CPU.
9월 13, 2023 15:21:00.833 INFO: Created TensorFlow Lite XNNPACK delegate for CPU.
9월 13, 2023 15:27:45.996 INFO: Created TensorFlow Lite XNNPACK delegate for CPU.
9월 13, 2023 16:04:18.902 INFO: Created TensorFlow Lite XNNPACK delegate for CPU.
9월 13, 2023 16:09:12.788 INFO: Created TensorFlow Lite XNNPACK delegate for CPU.
9월 13, 2023 16:13:50.15 INFO: Created TensorFlow Lite XNNPACK delegate for CPU.
9월 13, 2023 17:36:55.800 [7748:18748:0913/173655.799:ERROR:device_event_log_impl.cc(222)] [17:36:55.799] USB: usb_service_win.cc:104 SetupDiGetDeviceProperty({{A45C254E-DF1C-4EFD-8020-67D146A850E0}, 6}) failed: 요소가 없습니다. (0x490)
9월 13, 2023 18:01:53.827 [7748:15644:0913/180153.827:ERROR:connection_factory_impl.cc(471)] ConnectionHandler failed with net error: -2
9월 13, 2023 18:02:59.57 [7748:15644:0913/180259.057:ERROR:connection_factory_impl.cc(471)] ConnectionHandler failed with net error: -2
9월 13, 2023 18:05:44.833 [7748:15644:0913/180544.832:ERROR:connection_factory_impl.cc(428)] Failed to connect to MCS endpoint with error -106
9월 13, 2023 18:06:12.291 [7748:15644:0913/180612.290:ERROR:connection_factory_impl.cc(428)] Failed to connect to MCS endpoint with error -106
9월 13, 2023 18:06:54.257 [7748:15644:0913/180654.257:ERROR:connection_factory_impl.cc(428)] Failed to connect to MCS endpoint with error -106
9월 13, 2023 18:08:17.82 [7748:15644:0913/180817.082:ERROR:connection_factory_impl.cc(428)] Failed to connect to MCS endpoint with error -106
9월 13, 2023 18:11:57.605 [7748:15644:0913/181157.605:ERROR:connection_factory_impl.cc(428)] Failed to connect to MCS endpoint with error -106
9월 13, 2023 18:19:39.165 [7748:15644:0913/181939.164:ERROR:connection_factory_impl.cc(428)] Failed to connect to MCS endpoint with error -106
9월 13, 2023 18:21:44.422 [7748:15644:0913/182144.422:ERROR:connection_factory_impl.cc(428)] Failed to connect to MCS endpoint with error -105
9월 13, 2023 18:21:46.495 [7748:15644:0913/182146.495:ERROR:connection_factory_impl.cc(428)] Failed to connect to MCS endpoint with error -106
9월 13, 2023 18:22:17.190 [7748:15644:0913/182217.189:ERROR:connection_factory_impl.cc(428)] Failed to connect to MCS endpoint with error -105
9월 13, 2023 18:23:05.493 [7748:15644:0913/182305.493:ERROR:connection_factory_impl.cc(428)] Failed to connect to MCS endpoint with error -106
9월 13, 2023 18:24:23.664 [7748:15644:0913/182423.664:ERROR:connection_factory_impl.cc(428)] Failed to connect to MCS endpoint with error -105
9월 13, 2023 18:32:08.360 [7748:15644:0913/183208.359:ERROR:connection_factory_impl.cc(428)] Failed to connect to MCS endpoint with error -105
9월 13, 2023 18:36:17.963 [7748:15644:0913/183617.962:ERROR:connection_factory_impl.cc(428)] Failed to connect to MCS endpoint with error -106
9월 13, 2023 18:49:24.383 [7748:18748:0913/184924.383:ERROR:interface_endpoint_client.cc(702)] Message 0 rejected by interface blink.mojom.WidgetHost

9월 15, 2023 13:15:12.755 NEW SESSION
9월 15, 2023 13:15:12.755 INFO: Created TensorFlow Lite XNNPACK delegate for CPU.
9월 15, 2023 14:01:23.106 INFO: Created TensorFlow Lite XNNPACK delegate for CPU.
9월 15, 2023 14:03:28.665 INFO: Created TensorFlow Lite XNNPACK delegate for CPU.
9월 15, 2023 14:15:35.130 INFO: Created TensorFlow Lite XNNPACK delegate for CPU.
9월 15, 2023 15:23:39.23 [7184:13520:0915/152339.018:ERROR:CONSOLE(1)] "Request Runtime.evaluate failed. {"code":-32602,"message":"uniqueContextId not found"}", source: devtools://devtools/bundled/devtools-frontend/front_end/core/protocol_client/protocol_client.js (1)
9월 15, 2023 15:23:39.24 [7184:13520:0915/152339.023:ERROR:CONSOLE(1)] "uniqueContextId not found", source: devtools://devtools/bundled/devtools-frontend/front_end/core/sdk/sdk.js (1)
9월 15, 2023 15:23:39.26 [7184:13520:0915/152339.025:ERROR:CONSOLE(1)] "Extension server error: Inspector protocol error: uniqueContextId not found", source: devtools://devtools/bundled/devtools-frontend/front_end/models/extensions/extensions.js (1)
9월 15, 2023 15:29:22.490 [7184:13520:0915/152922.490:ERROR:device_event_log_impl.cc(222)] [15:29:22.489] USB: usb_service_win.cc:104 SetupDiGetDeviceProperty({{A45C254E-DF1C-4EFD-8020-67D146A850E0}, 6}) failed: 요소가 없습니다. (0x490)
9월 15, 2023 16:07:51.942 [7184:13520:0915/160751.942:ERROR:CONSOLE(1)] "Request Runtime.evaluate failed. {"code":-32602,"message":"uniqueContextId not found"}", source: devtools://devtools/bundled/devtools-frontend/front_end/core/protocol_client/protocol_client.js (1)
9월 15, 2023 16:07:51.948 [7184:13520:0915/160751.946:ERROR:CONSOLE(1)] "uniqueContextId not found", source: devtools://devtools/bundled/devtools-frontend/front_end/core/sdk/sdk.js (1)
9월 15, 2023 16:07:51.949 [7184:13520:0915/160751.946:ERROR:CONSOLE(1)] "Extension server error: Inspector protocol error: uniqueContextId not found", source: devtools://devtools/bundled/devtools-frontend/front_end/models/extensions/extensions.js (1)
9월 15, 2023 16:40:06.244 INFO: Created TensorFlow Lite XNNPACK delegate for CPU.
9월 15, 2023 17:31:23.70 INFO: Created TensorFlow Lite XNNPACK delegate for CPU.
9월 15, 2023 17:46:55.181 INFO: Created TensorFlow Lite XNNPACK delegate for CPU.
9월 15, 2023 17:50:25.303 INFO: Created TensorFlow Lite XNNPACK delegate for CPU.

9월 18, 2023 09:42:17.900 NEW SESSION
9월 18, 2023 09:42:17.901 INFO: Created TensorFlow Lite XNNPACK delegate for CPU.
9월 18, 2023 10:13:30.871 [9132:3988:0918/101330.871:ERROR:CONSOLE(1)] "Request Runtime.evaluate failed. {"code":-32602,"message":"uniqueContextId not found"}", source: devtools://devtools/bundled/devtools-frontend/front_end/core/protocol_client/protocol_client.js (1)
9월 18, 2023 10:13:30.875 [9132:3988:0918/101330.874:ERROR:CONSOLE(1)] "uniqueContextId not found", source: devtools://devtools/bundled/devtools-frontend/front_end/core/sdk/sdk.js (1)
9월 18, 2023 10:13:30.875 [9132:3988:0918/101330.875:ERROR:CONSOLE(1)] "Extension server error: Inspector protocol error: uniqueContextId not found", source: devtools://devtools/bundled/devtools-frontend/front_end/models/extensions/extensions.js (1)
9월 18, 2023 10:27:37.666 INFO: Created TensorFlow Lite XNNPACK delegate for CPU.
9월 18, 2023 10:35:03.759 INFO: Created TensorFlow Lite XNNPACK delegate for CPU.
9월 18, 2023 11:05:11.127 [10364:18772:0918/110511.127:ERROR:CONSOLE(1)] "Request Runtime.evaluate failed. {"code":-32602,"message":"uniqueContextId not found"}", source: devtools://devtools/bundled/devtools-frontend/front_end/core/protocol_client/protocol_client.js (1)
9월 18, 2023 11:05:11.127 [10364:18772:0918/110511.127:ERROR:CONSOLE(1)] "uniqueContextId not found", source: devtools://devtools/bundled/devtools-frontend/front_end/core/sdk/sdk.js (1)
9월 18, 2023 11:05:11.128 [10364:18772:0918/110511.128:ERROR:CONSOLE(1)] "Extension server error: Inspector protocol error: uniqueContextId not found", source: devtools://devtools/bundled/devtools-frontend/front_end/models/extensions/extensions.js (1)
9월 18, 2023 11:07:18.860 [10364:18772:0918/110718.860:ERROR:CONSOLE(1)] "Request Runtime.evaluate failed. {"code":-32602,"message":"uniqueContextId not found"}", source: devtools://devtools/bundled/devtools-frontend/front_end/core/protocol_client/protocol_client.js (1)
9월 18, 2023 11:07:18.861 [10364:18772:0918/110718.860:ERROR:CONSOLE(1)] "uniqueContextId not found", source: devtools://devtools/bundled/devtools-frontend/front_end/core/sdk/sdk.js (1)
9월 18, 2023 11:07:18.861 [10364:18772:0918/110718.860:ERROR:CONSOLE(1)] "Extension server error: Inspector protocol error: uniqueContextId not found", source: devtools://devtools/bundled/devtools-frontend/front_end/models/extensions/extensions.js (1)
9월 18, 2023 11:39:04.145 [10364:18772:0918/113904.145:ERROR:CONSOLE(1)] "Extension server error: Operation failed: http://localhost:8080/test/join has no execution context", source: devtools://devtools/bundled/devtools-frontend/front_end/models/extensions/extensions.js (1)
9월 18, 2023 14:25:07.964 INFO: Created TensorFlow Lite XNNPACK delegate for CPU.
9월 18, 2023 14:44:16.387 [17320:6236:0918/144416.386:ERROR:device_event_log_impl.cc(222)] [14:44:16.385] USB: usb_service_win.cc:104 SetupDiGetDeviceProperty({{A45C254E-DF1C-4EFD-8020-67D146A850E0}, 6}) failed: 요소가 없습니다. (0x490)
9월 18, 2023 15:09:39.965 INFO: Created TensorFlow Lite XNNPACK delegate for CPU.
9월 18, 2023 15:18:47.792 INFO: Created TensorFlow Lite XNNPACK delegate for CPU.
9월 18, 2023 15:21:56.347 INFO: Created TensorFlow Lite XNNPACK delegate for CPU.
9월 18, 2023 15:24:54.317 INFO: Created TensorFlow Lite XNNPACK delegate for CPU.
9월 18, 2023 15:26:50.585 INFO: Created TensorFlow Lite XNNPACK delegate for CPU.
9월 18, 2023 15:56:28.624 [2248:4268:0918/155628.624:ERROR:connection_factory_impl.cc(471)] ConnectionHandler failed with net error: -2
9월 18, 2023 16:36:07.955 [2248:8340:0918/163607.955:ERROR:device_event_log_impl.cc(222)] [16:36:07.954] USB: usb_service_win.cc:104 SetupDiGetDeviceProperty({{A45C254E-DF1C-4EFD-8020-67D146A850E0}, 6}) failed: 요소가 없습니다. (0x490)
9월 18, 2023 16:37:57.468 INFO: Created TensorFlow Lite XNNPACK delegate for CPU.
9월 18, 2023 16:49:24.831 [16056:12720:0918/164924.830:ERROR:CONSOLE(1)] "Request Runtime.evaluate failed. {"code":-32602,"message":"uniqueContextId not found"}", source: devtools://devtools/bundled/devtools-frontend/front_end/core/protocol_client/protocol_client.js (1)
9월 18, 2023 16:49:24.831 [16056:12720:0918/164924.831:ERROR:CONSOLE(1)] "uniqueContextId not found", source: devtools://devtools/bundled/devtools-frontend/front_end/core/sdk/sdk.js (1)
9월 18, 2023 16:49:24.832 [16056:12720:0918/164924.831:ERROR:CONSOLE(1)] "Extension server error: Inspector protocol error: uniqueContextId not found", source: devtools://devtools/bundled/devtools-frontend/front_end/models/extensions/extensions.js (1)
9월 18, 2023 17:09:07.229 [16056:12720:0918/170907.227:ERROR:CONSOLE(1)] "Request Runtime.evaluate failed. {"code":-32602,"message":"uniqueContextId not found"}", source: devtools://devtools/bundled/devtools-frontend/front_end/core/protocol_client/protocol_client.js (1)
9월 18, 2023 17:09:07.230 [16056:12720:0918/170907.229:ERROR:CONSOLE(1)] "uniqueContextId not found", source: devtools://devtools/bundled/devtools-frontend/front_end/core/sdk/sdk.js (1)
9월 18, 2023 17:09:07.230 [16056:12720:0918/170907.229:ERROR:CONSOLE(1)] "Extension server error: Inspector protocol error: uniqueContextId not found", source: devtools://devtools/bundled/devtools-frontend/front_end/models/extensions/extensions.js (1)
9월 18, 2023 17:09:15.117 [16056:12720:0918/170915.117:ERROR:CONSOLE(1)] "Cannot find context with specified id", source: devtools://devtools/bundled/devtools-frontend/front_end/core/sdk/sdk.js (1)
9월 18, 2023 17:09:15.118 [16056:12720:0918/170915.117:ERROR:CONSOLE(1)] "Extension server error: Inspector protocol error: Cannot find context with specified id", source: devtools://devtools/bundled/devtools-frontend/front_end/models/extensions/extensions.js (1)
9월 18, 2023 17:09:15.118 [16056:12720:0918/170915.117:ERROR:CONSOLE(1)] "Cannot find context with specified id", source: devtools://devtools/bundled/devtools-frontend/front_end/core/sdk/sdk.js (1)
9월 18, 2023 17:09:15.118 [16056:12720:0918/170915.117:ERROR:CONSOLE(1)] "Extension server error: Inspector protocol error: Cannot find context with specified id", source: devtools://devtools/bundled/devtools-frontend/front_end/models/extensions/extensions.js (1)
9월 18, 2023 17:09:57.959 [16056:12720:0918/170957.959:ERROR:CONSOLE(1)] "Request Runtime.evaluate failed. {"code":-32602,"message":"uniqueContextId not found"}", source: devtools://devtools/bundled/devtools-frontend/front_end/core/protocol_client/protocol_client.js (1)
9월 18, 2023 17:09:57.960 [16056:12720:0918/170957.959:ERROR:CONSOLE(1)] "uniqueContextId not found", source: devtools://devtools/bundled/devtools-frontend/front_end/core/sdk/sdk.js (1)
9월 18, 2023 17:09:57.961 [16056:12720:0918/170957.959:ERROR:CONSOLE(1)] "Extension server error: Inspector protocol error: uniqueContextId not found", source: devtools://devtools/bundled/devtools-frontend/front_end/models/extensions/extensions.js (1)
9월 18, 2023 17:10:00.86 [16056:12720:0918/171000.085:ERROR:CONSOLE(1)] "Extension server error: Operation failed: http://localhost:8080/travel/modify?pageNum=1&amount=10&type=&keyword=&no=102 has no execution context", source: devtools://devtools/bundled/devtools-frontend/front_end/models/extensions/extensions.js (1)
9월 18, 2023 17:11:01.605 [16056:12720:0918/171101.605:ERROR:CONSOLE(1)] "Request Runtime.evaluate failed. {"code":-32602,"message":"uniqueContextId not found"}", source: devtools://devtools/bundled/devtools-frontend/front_end/core/protocol_client/protocol_client.js (1)
9월 18, 2023 17:11:01.607 [16056:12720:0918/171101.605:ERROR:CONSOLE(1)] "uniqueContextId not found", source: devtools://devtools/bundled/devtools-frontend/front_end/core/sdk/sdk.js (1)
9월 18, 2023 17:11:01.607 [16056:12720:0918/171101.606:ERROR:CONSOLE(1)] "Extension server error: Inspector protocol error: uniqueContextId not found", source: devtools://devtools/bundled/devtools-frontend/front_end/models/extensions/extensions.js (1)
9월 18, 2023 17:11:01.617 [16056:12720:0918/171101.616:ERROR:CONSOLE(1)] "Request Runtime.evaluate failed. {"code":-32602,"message":"uniqueContextId not found"}", source: devtools://devtools/bundled/devtools-frontend/front_end/core/protocol_client/protocol_client.js (1)
9월 18, 2023 17:11:01.619 [16056:12720:0918/171101.616:ERROR:CONSOLE(1)] "uniqueContextId not found", source: devtools://devtools/bundled/devtools-frontend/front_end/core/sdk/sdk.js (1)
9월 18, 2023 17:11:01.621 [16056:12720:0918/171101.616:ERROR:CONSOLE(1)] "Extension server error: Inspector protocol error: uniqueContextId not found", source: devtools://devtools/bundled/devtools-frontend/front_end/models/extensions/extensions.js (1)
9월 18, 2023 17:11:01.622 [16056:12720:0918/171101.616:ERROR:CONSOLE(1)] "Request Runtime.evaluate failed. {"code":-32602,"message":"uniqueContextId not found"}", source: devtools://devtools/bundled/devtools-frontend/front_end/core/protocol_client/protocol_client.js (1)
9월 18, 2023 17:11:01.622 [16056:12720:0918/171101.616:ERROR:CONSOLE(1)] "uniqueContextId not found", source: devtools://devtools/bundled/devtools-frontend/front_end/core/sdk/sdk.js (1)
9월 18, 2023 17:11:01.622 [16056:12720:0918/171101.616:ERROR:CONSOLE(1)] "Extension server error: Inspector protocol error: uniqueContextId not found", source: devtools://devtools/bundled/devtools-frontend/front_end/models/extensions/extensions.js (1)
9월 18, 2023 17:11:01.899 [16056:12720:0918/171101.898:ERROR:CONSOLE(1)] "Request Runtime.evaluate failed. {"code":-32602,"message":"uniqueContextId not found"}", source: devtools://devtools/bundled/devtools-frontend/front_end/core/protocol_client/protocol_client.js (1)
9월 18, 2023 17:11:01.900 [16056:12720:0918/171101.899:ERROR:CONSOLE(1)] "uniqueContextId not found", source: devtools://devtools/bundled/devtools-frontend/front_end/core/sdk/sdk.js (1)
9월 18, 2023 17:11:01.904 [16056:12720:0918/171101.904:ERROR:CONSOLE(1)] "Extension server error: Inspector protocol error: uniqueContextId not found", source: devtools://devtools/bundled/devtools-frontend/front_end/models/extensions/extensions.js (1)
9월 18, 2023 17:11:01.906 [16056:12720:0918/171101.905:ERROR:CONSOLE(1)] "Request Runtime.evaluate failed. {"code":-32602,"message":"uniqueContextId not found"}", source: devtools://devtools/bundled/devtools-frontend/front_end/core/protocol_client/protocol_client.js (1)
9월 18, 2023 17:11:01.906 [16056:12720:0918/171101.905:ERROR:CONSOLE(1)] "uniqueContextId not found", source: devtools://devtools/bundled/devtools-frontend/front_end/core/sdk/sdk.js (1)
9월 18, 2023 17:11:01.907 [16056:12720:0918/171101.905:ERROR:CONSOLE(1)] "Extension server error: Inspector protocol error: uniqueContextId not found", source: devtools://devtools/bundled/devtools-frontend/front_end/models/extensions/extensions.js (1)
9월 18, 2023 17:11:01.907 [16056:12720:0918/171101.906:ERROR:CONSOLE(1)] "Request Runtime.evaluate failed. {"code":-32602,"message":"uniqueContextId not found"}", source: devtools://devtools/bundled/devtools-frontend/front_end/core/protocol_client/protocol_client.js (1)
9월 18, 2023 17:11:01.907 [16056:12720:0918/171101.906:ERROR:CONSOLE(1)] "uniqueContextId not found", source: devtools://devtools/bundled/devtools-frontend/front_end/core/sdk/sdk.js (1)
9월 18, 2023 17:11:01.907 [16056:12720:0918/171101.906:ERROR:CONSOLE(1)] "Extension server error: Inspector protocol error: uniqueContextId not found", source: devtools://devtools/bundled/devtools-frontend/front_end/models/extensions/extensions.js (1)
9월 18, 2023 17:11:02.774 [16056:12720:0918/171102.774:ERROR:CONSOLE(1)] "Request Runtime.evaluate failed. {"code":-32602,"message":"uniqueContextId not found"}", source: devtools://devtools/bundled/devtools-frontend/front_end/core/protocol_client/protocol_client.js (1)
9월 18, 2023 17:11:02.775 [16056:12720:0918/171102.774:ERROR:CONSOLE(1)] "uniqueContextId not found", source: devtools://devtools/bundled/devtools-frontend/front_end/core/sdk/sdk.js (1)
9월 18, 2023 17:11:02.775 [16056:12720:0918/171102.774:ERROR:CONSOLE(1)] "Extension server error: Inspector protocol error: uniqueContextId not found", source: devtools://devtools/bundled/devtools-frontend/front_end/models/extensions/extensions.js (1)
9월 18, 2023 17:12:48.38 [16056:12720:0918/171248.037:ERROR:CONSOLE(1)] "Request Runtime.evaluate failed. {"code":-32602,"message":"uniqueContextId not found"}", source: devtools://devtools/bundled/devtools-frontend/front_end/core/protocol_client/protocol_client.js (1)
9월 18, 2023 17:12:48.38 [16056:12720:0918/171248.037:ERROR:CONSOLE(1)] "uniqueContextId not found", source: devtools://devtools/bundled/devtools-frontend/front_end/core/sdk/sdk.js (1)
9월 18, 2023 17:12:48.38 [16056:12720:0918/171248.038:ERROR:CONSOLE(1)] "Extension server error: Inspector protocol error: uniqueContextId not found", source: devtools://devtools/bundled/devtools-frontend/front_end/models/extensions/extensions.js (1)
9월 18, 2023 17:18:47.768 [16056:12720:0918/171847.767:ERROR:CONSOLE(1)] "Request Runtime.evaluate failed. {"code":-32602,"message":"uniqueContextId not found"}", source: devtools://devtools/bundled/devtools-frontend/front_end/core/protocol_client/protocol_client.js (1)
9월 18, 2023 17:18:47.768 [16056:12720:0918/171847.767:ERROR:CONSOLE(1)] "uniqueContextId not found", source: devtools://devtools/bundled/devtools-frontend/front_end/core/sdk/sdk.js (1)
9월 18, 2023 17:18:47.769 [16056:12720:0918/171847.768:ERROR:CONSOLE(1)] "Extension server error: Inspector protocol error: uniqueContextId not found", source: devtools://devtools/bundled/devtools-frontend/front_end/models/extensions/extensions.js (1)

9월 19, 2023 09:29:20.428 NEW SESSION
9월 19, 2023 09:29:20.428 INFO: Created TensorFlow Lite XNNPACK delegate for CPU.
9월 19, 2023 09:31:31.726 INFO: Created TensorFlow Lite XNNPACK delegate for CPU.
9월 19, 2023 09:46:21.294 INFO: Created TensorFlow Lite XNNPACK delegate for CPU.
9월 19, 2023 10:13:46.304 INFO: Created TensorFlow Lite XNNPACK delegate for CPU.
9월 19, 2023 10:14:48.769 INFO: Created TensorFlow Lite XNNPACK delegate for CPU.
9월 19, 2023 10:23:30.818 INFO: Created TensorFlow Lite XNNPACK delegate for CPU.
9월 19, 2023 10:30:56.368 INFO: Created TensorFlow Lite XNNPACK delegate for CPU.
9월 19, 2023 10:53:57.260 INFO: Created TensorFlow Lite XNNPACK delegate for CPU.
9월 19, 2023 10:54:18.231 INFO: Created TensorFlow Lite XNNPACK delegate for CPU.
9월 19, 2023 10:56:29.454 INFO: Created TensorFlow Lite XNNPACK delegate for CPU.
9월 19, 2023 10:59:51.955 INFO: Created TensorFlow Lite XNNPACK delegate for CPU.
9월 19, 2023 11:07:23.974 [10200:15036:0919/110723.973:ERROR:interface_endpoint_client.cc(702)] Message 1 rejected by interface blink.mojom.WidgetHost
9월 19, 2023 11:31:38.112 INFO: Created TensorFlow Lite XNNPACK delegate for CPU.
9월 19, 2023 13:09:50.21 INFO: Created TensorFlow Lite XNNPACK delegate for CPU.
9월 19, 2023 13:26:57.643 INFO: Created TensorFlow Lite XNNPACK delegate for CPU.
9월 19, 2023 13:30:03.613 [12364:10364:0919/133003.613:ERROR:CONSOLE(1)] "Request Runtime.evaluate failed. {"code":-32602,"message":"uniqueContextId not found"}", source: devtools://devtools/bundled/devtools-frontend/front_end/core/protocol_client/protocol_client.js (1)
9월 19, 2023 13:30:03.615 [12364:10364:0919/133003.615:ERROR:CONSOLE(1)] "uniqueContextId not found", source: devtools://devtools/bundled/devtools-frontend/front_end/core/sdk/sdk.js (1)
9월 19, 2023 13:30:03.616 [12364:10364:0919/133003.615:ERROR:CONSOLE(1)] "Extension server error: Inspector protocol error: uniqueContextId not found", source: devtools://devtools/bundled/devtools-frontend/front_end/models/extensions/extensions.js (1)
9월 19, 2023 14:05:38.487 [12364:10364:0919/140538.486:ERROR:device_event_log_impl.cc(222)] [14:05:38.486] USB: usb_service_win.cc:104 SetupDiGetDeviceProperty({{A45C254E-DF1C-4EFD-8020-67D146A850E0}, 6}) failed: 요소가 없습니다. (0x490)
9월 19, 2023 14:27:02.192 [12364:10364:0919/142702.191:ERROR:CONSOLE(1)] "Request Runtime.evaluate failed. {"code":-32602,"message":"uniqueContextId not found"}", source: devtools://devtools/bundled/devtools-frontend/front_end/core/protocol_client/protocol_client.js (1)
9월 19, 2023 14:27:02.192 [12364:10364:0919/142702.191:ERROR:CONSOLE(1)] "uniqueContextId not found", source: devtools://devtools/bundled/devtools-frontend/front_end/core/sdk/sdk.js (1)
9월 19, 2023 14:27:02.192 [12364:10364:0919/142702.192:ERROR:CONSOLE(1)] "Extension server error: Inspector protocol error: uniqueContextId not found", source: devtools://devtools/bundled/devtools-frontend/front_end/models/extensions/extensions.js (1)
9월 19, 2023 14:44:28.696 [12364:10364:0919/144428.696:ERROR:CONSOLE(1)] "Request Runtime.evaluate failed. {"code":-32602,"message":"uniqueContextId not found"}", source: devtools://devtools/bundled/devtools-frontend/front_end/core/protocol_client/protocol_client.js (1)
9월 19, 2023 14:44:28.697 [12364:10364:0919/144428.696:ERROR:CONSOLE(1)] "uniqueContextId not found", source: devtools://devtools/bundled/devtools-frontend/front_end/core/sdk/sdk.js (1)
9월 19, 2023 14:44:28.698 [12364:10364:0919/144428.696:ERROR:CONSOLE(1)] "Extension server error: Inspector protocol error: uniqueContextId not found", source: devtools://devtools/bundled/devtools-frontend/front_end/models/extensions/extensions.js (1)

9월 19, 2023 17:28:53.468 NEW SESSION
9월 19, 2023 17:28:53.468 INFO: Created TensorFlow Lite XNNPACK delegate for CPU.
9월 19, 2023 17:58:05.88 [7456:18820:0919/175805.086:ERROR:connection_factory_impl.cc(471)] ConnectionHandler failed with net error: -2
9월 19, 2023 18:03:37.987 [7456:6972:0919/180337.987:ERROR:device_event_log_impl.cc(222)] [18:03:37.986] USB: usb_service_win.cc:104 SetupDiGetDeviceProperty({{A45C254E-DF1C-4EFD-8020-67D146A850E0}, 6}) failed: 요소가 없습니다. (0x490)
9월 19, 2023 18:33:43.715 [7456:18820:0919/183343.715:ERROR:connection_factory_impl.cc(471)] ConnectionHandler failed with net error: -2
9월 19, 2023 19:40:57.962 [7456:18820:0919/194057.961:ERROR:connection_factory_impl.cc(428)] Failed to connect to MCS endpoint with error -7

9월 20, 2023 10:44:45.322 NEW SESSION
9월 20, 2023 10:44:45.322 INFO: Created TensorFlow Lite XNNPACK delegate for CPU.
9월 20, 2023 10:47:51.37 INFO: Created TensorFlow Lite XNNPACK delegate for CPU.
9월 20, 2023 10:49:27.116 INFO: Created TensorFlow Lite XNNPACK delegate for CPU.
9월 20, 2023 11:33:34.972 [17952:9080:0920/113334.972:ERROR:device_event_log_impl.cc(222)] [11:33:34.971] USB: usb_service_win.cc:104 SetupDiGetDeviceProperty({{A45C254E-DF1C-4EFD-8020-67D146A850E0}, 6}) failed: 요소가 없습니다. (0x490)
9월 20, 2023 13:02:56.558 INFO: Created TensorFlow Lite XNNPACK delegate for CPU.
9월 20, 2023 13:04:31.81 INFO: Created TensorFlow Lite XNNPACK delegate for CPU.
9월 20, 2023 13:05:08.00 [4752:7464:0920/130508.000:ERROR:CONSOLE(1)] "Request Runtime.evaluate failed. {"code":-32602,"message":"uniqueContextId not found"}", source: devtools://devtools/bundled/devtools-frontend/front_end/core/protocol_client/protocol_client.js (1)
9월 20, 2023 13:05:08.01 [4752:7464:0920/130508.001:ERROR:CONSOLE(1)] "uniqueContextId not found", source: devtools://devtools/bundled/devtools-frontend/front_end/core/sdk/sdk.js (1)
9월 20, 2023 13:05:08.01 [4752:7464:0920/130508.001:ERROR:CONSOLE(1)] "Extension server error: Inspector protocol error: uniqueContextId not found", source: devtools://devtools/bundled/devtools-frontend/front_end/models/extensions/extensions.js (1)
9월 20, 2023 13:46:05.952 INFO: Created TensorFlow Lite XNNPACK delegate for CPU.
9월 20, 2023 14:03:10.156 [12716:4516:0920/140310.156:ERROR:interface_endpoint_client.cc(702)] Message 1 rejected by interface blink.mojom.WidgetHost
9월 20, 2023 15:37:51.878 INFO: Created TensorFlow Lite XNNPACK delegate for CPU.

9월 21, 2023 10:03:18.219 NEW SESSION
9월 21, 2023 10:03:18.219 INFO: Created TensorFlow Lite XNNPACK delegate for CPU.
9월 21, 2023 10:05:06.740 INFO: Created TensorFlow Lite XNNPACK delegate for CPU.
9월 21, 2023 10:15:45.809 INFO: Created TensorFlow Lite XNNPACK delegate for CPU.
9월 21, 2023 10:17:12.50 INFO: Created TensorFlow Lite XNNPACK delegate for CPU.
9월 21, 2023 10:57:40.418 [14704:14480:0921/105740.417:ERROR:interface_endpoint_client.cc(702)] Message 1 rejected by interface blink.mojom.WidgetHost
9월 21, 2023 11:04:17.387 [14704:12988:0921/110417.387:ERROR:mcs_client.cc(750)] Received close command, resetting connection.
9월 21, 2023 11:42:41.881 INFO: Created TensorFlow Lite XNNPACK delegate for CPU.
9월 21, 2023 13:09:04.995 INFO: Created TensorFlow Lite XNNPACK delegate for CPU.
9월 21, 2023 13:14:33.494 INFO: Created TensorFlow Lite XNNPACK delegate for CPU.
9월 21, 2023 13:20:06.662 INFO: Created TensorFlow Lite XNNPACK delegate for CPU.
9월 21, 2023 13:27:18.790 INFO: Created TensorFlow Lite XNNPACK delegate for CPU.
9월 21, 2023 13:35:53.386 INFO: Created TensorFlow Lite XNNPACK delegate for CPU.
9월 21, 2023 14:04:50.402 INFO: Created TensorFlow Lite XNNPACK delegate for CPU.
9월 21, 2023 14:11:02.956 INFO: Created TensorFlow Lite XNNPACK delegate for CPU.
9월 21, 2023 14:14:04.658 INFO: Created TensorFlow Lite XNNPACK delegate for CPU.
9월 21, 2023 14:38:17.808 [19860:20388:0921/143817.807:ERROR:CONSOLE(1)] "Request Runtime.evaluate failed. {"code":-32602,"message":"uniqueContextId not found"}", source: devtools://devtools/bundled/devtools-frontend/front_end/core/protocol_client/protocol_client.js (1)
9월 21, 2023 14:38:17.808 [19860:20388:0921/143817.808:ERROR:CONSOLE(1)] "uniqueContextId not found", source: devtools://devtools/bundled/devtools-frontend/front_end/core/sdk/sdk.js (1)
9월 21, 2023 14:38:17.808 [19860:20388:0921/143817.808:ERROR:CONSOLE(1)] "Extension server error: Inspector protocol error: uniqueContextId not found", source: devtools://devtools/bundled/devtools-frontend/front_end/models/extensions/extensions.js (1)
9월 21, 2023 14:46:19.777 [19860:20388:0921/144619.777:ERROR:CONSOLE(1)] "Extension server error: Operation failed: http://localhost:8080/security/profile has no execution context", source: devtools://devtools/bundled/devtools-frontend/front_end/models/extensions/extensions.js (1)
9월 21, 2023 14:46:19.788 [19860:20388:0921/144619.788:ERROR:CONSOLE(1)] "Request Runtime.evaluate failed. {"code":-32602,"message":"uniqueContextId not found"}", source: devtools://devtools/bundled/devtools-frontend/front_end/core/protocol_client/protocol_client.js (1)
9월 21, 2023 14:46:19.788 [19860:20388:0921/144619.788:ERROR:CONSOLE(1)] "uniqueContextId not found", source: devtools://devtools/bundled/devtools-frontend/front_end/core/sdk/sdk.js (1)
9월 21, 2023 14:46:19.789 [19860:20388:0921/144619.788:ERROR:CONSOLE(1)] "Extension server error: Inspector protocol error: uniqueContextId not found", source: devtools://devtools/bundled/devtools-frontend/front_end/models/extensions/extensions.js (1)
9월 21, 2023 14:46:54.665 INFO: Created TensorFlow Lite XNNPACK delegate for CPU.
9월 21, 2023 14:58:14.434 [5504:19988:0921/145814.432:ERROR:device_event_log_impl.cc(222)] [14:58:14.432] USB: usb_service_win.cc:104 SetupDiGetDeviceProperty({{A45C254E-DF1C-4EFD-8020-67D146A850E0}, 6}) failed: 요소가 없습니다. (0x490)
9월 21, 2023 15:31:04.357 INFO: Created TensorFlow Lite XNNPACK delegate for CPU.
9월 21, 2023 16:36:09.857 INFO: Created TensorFlow Lite XNNPACK delegate for CPU.
9월 21, 2023 16:46:29.910 [5280:20536:0921/164629.909:ERROR:interface_endpoint_client.cc(702)] Message 1 rejected by interface blink.mojom.WidgetHost
9월 21, 2023 17:28:09.895 [5280:20536:0921/172809.895:ERROR:device_event_log_impl.cc(222)] [17:28:09.895] USB: usb_service_win.cc:104 SetupDiGetDeviceProperty({{A45C254E-DF1C-4EFD-8020-67D146A850E0}, 6}) failed: 요소가 없습니다. (0x490)
